<?xml version="1.0" encoding="UTF-8"?>
<!-- Generated by org.testng.reporters.JUnitReportReporter -->
<testsuite hostname="DESKTOP-FA3JEC3" name="academy.E2EProject.HomePage" tests="2" failures="0" timestamp="27 Feb 2020 18:56:54 GMT" time="19.601" errors="0">
  <testcase name="basePageNavigation" time="6.766" classname="academy.E2EProject.HomePage"/>
  <testcase name="basePageNavigation" time="12.835" classname="academy.E2EProject.HomePage"/>
</testsuite> <!-- academy.E2EProject.HomePage -->
