<?xml version="1.0" encoding="UTF-8"?>
<!-- Generated by org.testng.reporters.JUnitReportReporter -->
<testsuite hostname="DESKTOP-FA3JEC3" name="academy.E2EProject.HomePage" tests="2" failures="0" timestamp="28 Feb 2020 00:01:55 GMT" time="17.478" errors="0">
  <testcase name="basePageNavigation" time="5.740" classname="academy.E2EProject.HomePage"/>
  <testcase name="basePageNavigation" time="11.738" classname="academy.E2EProject.HomePage"/>
</testsuite> <!-- academy.E2EProject.HomePage -->
