<?xml version="1.0" encoding="UTF-8"?>
<!-- Generated by org.testng.reporters.JUnitReportReporter -->
<testsuite hostname="DESKTOP-FA3JEC3" name="academy.E2EProject.ValidateTitle" tests="2" failures="0" timestamp="28 Feb 2020 00:01:55 GMT" time="0.161" errors="0">
  <testcase name="isNavDisplayed" time="0.119" classname="academy.E2EProject.ValidateTitle"/>
  <testcase name="isvalidTitle" time="0.042" classname="academy.E2EProject.ValidateTitle"/>
</testsuite> <!-- academy.E2EProject.ValidateTitle -->
