<?xml version="1.0" encoding="UTF-8"?>
<!-- Generated by org.testng.reporters.JUnitReportReporter -->
<testsuite hostname="DESKTOP-FA3JEC3" name="academy.E2EProject.HomePage" tests="2" failures="0" timestamp="27 Feb 2020 19:03:36 GMT" time="16.598" errors="0">
  <testcase name="basePageNavigation" time="12.017" classname="academy.E2EProject.HomePage"/>
  <testcase name="basePageNavigation" time="4.581" classname="academy.E2EProject.HomePage"/>
</testsuite> <!-- academy.E2EProject.HomePage -->
